<?xml version="1.0" encoding="UTF-8"?>
<testng-results skipped="0" failed="0" ignored="0" total="2" passed="2">
  <reporter-output>
  </reporter-output>
  <suite name="Suite" duration-ms="50" started-at="2018-05-22T06:53:03Z" finished-at="2018-05-22T06:53:03Z">
    <groups>
    </groups>
    <test name="Test" duration-ms="50" started-at="2018-05-22T06:53:03Z" finished-at="2018-05-22T06:53:03Z">
      <class name="package1.one">
        <test-method status="PASS" signature="m1()[pri:0, instance:package1.one@5ebec15]" name="m1" duration-ms="10" started-at="2018-05-22T06:53:03Z" finished-at="2018-05-22T06:53:03Z">
          <reporter-output>
          </reporter-output>
        </test-method> <!-- m1 -->
        <test-method status="PASS" signature="m2()[pri:0, instance:package1.one@5ebec15]" name="m2" duration-ms="0" started-at="2018-05-22T06:53:03Z" finished-at="2018-05-22T06:53:03Z">
          <reporter-output>
          </reporter-output>
        </test-method> <!-- m2 -->
      </class> <!-- package1.one -->
    </test> <!-- Test -->
  </suite> <!-- Suite -->
</testng-results>
