<?xml version="1.0" encoding="UTF-8"?>
<testng-results skipped="0" failed="0" ignored="0" total="2" passed="2">
  <reporter-output>
  </reporter-output>
  <suite name="Default suite" duration-ms="182" started-at="2018-05-22T06:37:01Z" finished-at="2018-05-22T06:37:01Z">
    <groups>
    </groups>
    <test name="Default test" duration-ms="182" started-at="2018-05-22T06:37:01Z" finished-at="2018-05-22T06:37:01Z">
      <class name="package1.one">
        <test-method status="PASS" signature="m1()[pri:0, instance:package1.one@27efef64]" name="m1" duration-ms="18" started-at="2018-05-22T06:37:01Z" finished-at="2018-05-22T06:37:01Z">
          <reporter-output>
          </reporter-output>
        </test-method> <!-- m1 -->
        <test-method status="PASS" signature="m2()[pri:0, instance:package1.one@27efef64]" name="m2" duration-ms="2" started-at="2018-05-22T06:37:01Z" finished-at="2018-05-22T06:37:01Z">
          <reporter-output>
          </reporter-output>
        </test-method> <!-- m2 -->
      </class> <!-- package1.one -->
    </test> <!-- Default test -->
  </suite> <!-- Default suite -->
</testng-results>
